Change Component Parameter Comment in R15 Old= New=RES 0603
Replace Symbol from C1 CAP 0805 in C:\Users\fener\Masaüstü\Project\Altium Designer\BQ77908 BMS\BMS_CellBalance.SchDoc with CAP 0805 from Kaptanyums Lib.IntLib
Replace Symbol from C2 CAP 0805 in C:\Users\fener\Masaüstü\Project\Altium Designer\BQ77908 BMS\BMS_CellBalance.SchDoc with CAP 0805 from Kaptanyums Lib.IntLib
Replace Symbol from C3 CAP 0805 in C:\Users\fener\Masaüstü\Project\Altium Designer\BQ77908 BMS\BMS_CellBalance.SchDoc with CAP 0805 from Kaptanyums Lib.IntLib
Replace Symbol from C4 CAP 0805 in C:\Users\fener\Masaüstü\Project\Altium Designer\BQ77908 BMS\BMS_CellBalance.SchDoc with CAP 0805 from Kaptanyums Lib.IntLib
Replace Symbol from C5 CAP 0805 in C:\Users\fener\Masaüstü\Project\Altium Designer\BQ77908 BMS\BMS_CellBalance.SchDoc with CAP 0805 from Kaptanyums Lib.IntLib
Replace Symbol from C6 CAP 0603 in C:\Users\fener\Masaüstü\Project\Altium Designer\BQ77908 BMS\BMS_CellBalance.SchDoc with CAP 0603 from Kaptanyums Lib.IntLib
Replace Symbol from C7 CAP 0603 in C:\Users\fener\Masaüstü\Project\Altium Designer\BQ77908 BMS\BMS_CellBalance.SchDoc with CAP 0603 from Kaptanyums Lib.IntLib
Replace Symbol from C8 CAP 0603 in C:\Users\fener\Masaüstü\Project\Altium Designer\BQ77908 BMS\BMS_CellBalance.SchDoc with CAP 0603 from Kaptanyums Lib.IntLib
Replace Symbol from C9 CAP 0805 in C:\Users\fener\Masaüstü\Project\Altium Designer\BQ77908 BMS\BMS_CellBalance.SchDoc with CAP 0805 from Kaptanyums Lib.IntLib
Replace Symbol from C10 CAP 0603 in C:\Users\fener\Masaüstü\Project\Altium Designer\BQ77908 BMS\BMS_CellBalance.SchDoc with CAP 0603 from Kaptanyums Lib.IntLib
Replace Symbol from C11 CAP 0603 in C:\Users\fener\Masaüstü\Project\Altium Designer\BQ77908 BMS\BMS_CellBalance.SchDoc with CAP 0603 from Kaptanyums Lib.IntLib
Replace Symbol from C12 CAP 0603 in C:\Users\fener\Masaüstü\Project\Altium Designer\BQ77908 BMS\BMS_CellBalance.SchDoc with CAP 0603 from Kaptanyums Lib.IntLib
Replace Symbol from C13 CAP 0603 in C:\Users\fener\Masaüstü\Project\Altium Designer\BQ77908 BMS\BMS_CellBalance.SchDoc with CAP 0603 from Kaptanyums Lib.IntLib
Replace Symbol from C14 CAP 0603 in C:\Users\fener\Masaüstü\Project\Altium Designer\BQ77908 BMS\BMS_CellBalance.SchDoc with CAP 0603 from Kaptanyums Lib.IntLib
Replace Symbol from C15 CAP 0603 in C:\Users\fener\Masaüstü\Project\Altium Designer\BQ77908 BMS\BMS_CellBalance.SchDoc with CAP 0603 from Kaptanyums Lib.IntLib
Replace Symbol from C16 CAP 0603 in C:\Users\fener\Masaüstü\Project\Altium Designer\BQ77908 BMS\BMS_CellBalance.SchDoc with CAP 0603 from Kaptanyums Lib.IntLib
Replace Symbol from C17 CAP 0603 in C:\Users\fener\Masaüstü\Project\Altium Designer\BQ77908 BMS\BMS_CellBalance.SchDoc with CAP 0603 from Kaptanyums Lib.IntLib
Replace Symbol from C18 CAP 0603 in C:\Users\fener\Masaüstü\Project\Altium Designer\BQ77908 BMS\BMS_CellBalance.SchDoc with CAP 0603 from Kaptanyums Lib.IntLib
Replace Symbol from C19 CAP 0603 in C:\Users\fener\Masaüstü\Project\Altium Designer\BQ77908 BMS\BMS_CellBalance.SchDoc with CAP 0603 from Kaptanyums Lib.IntLib
Replace Symbol from C20 CAP 0603 in C:\Users\fener\Masaüstü\Project\Altium Designer\BQ77908 BMS\BMS_CellBalance.SchDoc with CAP 0603 from Kaptanyums Lib.IntLib
Replace Symbol from C21 CAP 0603 in C:\Users\fener\Masaüstü\Project\Altium Designer\BQ77908 BMS\BMS_CellBalance.SchDoc with CAP 0603 from Kaptanyums Lib.IntLib
Replace Symbol from C22 CAP 0603 in C:\Users\fener\Masaüstü\Project\Altium Designer\BQ77908 BMS\BMS_CellBalance.SchDoc with CAP 0603 from Kaptanyums Lib.IntLib
Replace Symbol from C23 CAP 0603 in C:\Users\fener\Masaüstü\Project\Altium Designer\BQ77908 BMS\BMS_CellBalance.SchDoc with CAP 0603 from Kaptanyums Lib.IntLib
Replace Symbol from C24 CAP 0603 in C:\Users\fener\Masaüstü\Project\Altium Designer\BQ77908 BMS\BMS_CellBalance.SchDoc with CAP 0603 from Kaptanyums Lib.IntLib
Replace Symbol from D1 LED 0603 in C:\Users\fener\Masaüstü\Project\Altium Designer\BQ77908 BMS\BMS_CellBalance.SchDoc with LED 0603 from Kaptanyums Lib.IntLib
Replace Symbol from D2 LED 0603 in C:\Users\fener\Masaüstü\Project\Altium Designer\BQ77908 BMS\BMS_CellBalance.SchDoc with LED 0603 from Kaptanyums Lib.IntLib
Replace Symbol from D3 LED 0603 in C:\Users\fener\Masaüstü\Project\Altium Designer\BQ77908 BMS\BMS_CellBalance.SchDoc with LED 0603 from Kaptanyums Lib.IntLib
Replace Symbol from D4 LED 0603 in C:\Users\fener\Masaüstü\Project\Altium Designer\BQ77908 BMS\BMS_CellBalance.SchDoc with LED 0603 from Kaptanyums Lib.IntLib
Replace Symbol from D5 LED 0603 in C:\Users\fener\Masaüstü\Project\Altium Designer\BQ77908 BMS\BMS_CellBalance.SchDoc with LED 0603 from Kaptanyums Lib.IntLib
Replace Symbol from D6 LED 0603 in C:\Users\fener\Masaüstü\Project\Altium Designer\BQ77908 BMS\BMS_CellBalance.SchDoc with LED 0603 from Kaptanyums Lib.IntLib
Replace Symbol from D8 1N4148WS-HT in C:\Users\fener\Masaüstü\Project\Altium Designer\BQ77908 BMS\BMS_CellBalance.SchDoc with 1N4148WS-HT from Kaptanyums Lib.IntLib
Replace Symbol from D11 1N4148WS-HT in C:\Users\fener\Masaüstü\Project\Altium Designer\BQ77908 BMS\BMS_CellBalance.SchDoc with 1N4148WS-HT from Kaptanyums Lib.IntLib
Replace Symbol from D12 BYQ28ED in C:\Users\fener\Masaüstü\Project\Altium Designer\BQ77908 BMS\BMS_CellBalance.SchDoc with BYQ28ED from Kaptanyums Lib.IntLib
Replace Symbol from D13 BYQ28ED in C:\Users\fener\Masaüstü\Project\Altium Designer\BQ77908 BMS\BMS_CellBalance.SchDoc with BYQ28ED from Kaptanyums Lib.IntLib
Replace Symbol from J1 JST-XH-7 in C:\Users\fener\Masaüstü\Project\Altium Designer\BQ77908 BMS\BMS_CellBalance.SchDoc with JST-XH-7 from Kaptanyums Lib.IntLib
Replace Symbol from J2 HEADER 1x2 in C:\Users\fener\Masaüstü\Project\Altium Designer\BQ77908 BMS\BMS_CellBalance.SchDoc with HEADER 1x2 from Kaptanyums Lib.IntLib
Replace Symbol from J3 JST-XH-2 in C:\Users\fener\Masaüstü\Project\Altium Designer\BQ77908 BMS\BMS_CellBalance.SchDoc with JST-XH-2 from Kaptanyums Lib.IntLib
Replace Symbol from J4 HEADER 1x3 in C:\Users\fener\Masaüstü\Project\Altium Designer\BQ77908 BMS\BMS_CellBalance.SchDoc with HEADER 1x3 from Kaptanyums Lib.IntLib
Replace Symbol from J5 SCREW TERMINAL in C:\Users\fener\Masaüstü\Project\Altium Designer\BQ77908 BMS\BMS_CellBalance.SchDoc with SCREW TERMINAL from Kaptanyums Lib.IntLib
Replace Symbol from J6 SCREW TERMINAL in C:\Users\fener\Masaüstü\Project\Altium Designer\BQ77908 BMS\BMS_CellBalance.SchDoc with SCREW TERMINAL from Kaptanyums Lib.IntLib
Replace Symbol from J7 HEADER 1x3 in C:\Users\fener\Masaüstü\Project\Altium Designer\BQ77908 BMS\BMS_CellBalance.SchDoc with HEADER 1x3 from Kaptanyums Lib.IntLib
Replace Symbol from Q1 IRF540SPBF in C:\Users\fener\Masaüstü\Project\Altium Designer\BQ77908 BMS\BMS_CellBalance.SchDoc with IRF540SPBF from Kaptanyums Lib.IntLib
Replace Symbol from Q2 IRF540SPBF in C:\Users\fener\Masaüstü\Project\Altium Designer\BQ77908 BMS\BMS_CellBalance.SchDoc with IRF540SPBF from Kaptanyums Lib.IntLib
Replace Symbol from R1 RES 1206 in C:\Users\fener\Masaüstü\Project\Altium Designer\BQ77908 BMS\BMS_CellBalance.SchDoc with RES 1206 from Kaptanyums Lib.IntLib
Replace Symbol from R2 RES 1206 in C:\Users\fener\Masaüstü\Project\Altium Designer\BQ77908 BMS\BMS_CellBalance.SchDoc with RES 1206 from Kaptanyums Lib.IntLib
Replace Symbol from R3 RES 1206 in C:\Users\fener\Masaüstü\Project\Altium Designer\BQ77908 BMS\BMS_CellBalance.SchDoc with RES 1206 from Kaptanyums Lib.IntLib
Replace Symbol from R4 RES 1206 in C:\Users\fener\Masaüstü\Project\Altium Designer\BQ77908 BMS\BMS_CellBalance.SchDoc with RES 1206 from Kaptanyums Lib.IntLib
Replace Symbol from R5 RES 1206 in C:\Users\fener\Masaüstü\Project\Altium Designer\BQ77908 BMS\BMS_CellBalance.SchDoc with RES 1206 from Kaptanyums Lib.IntLib
Replace Symbol from R6 RES 1206 in C:\Users\fener\Masaüstü\Project\Altium Designer\BQ77908 BMS\BMS_CellBalance.SchDoc with RES 1206 from Kaptanyums Lib.IntLib
Replace Symbol from R7 RES 1206 in C:\Users\fener\Masaüstü\Project\Altium Designer\BQ77908 BMS\BMS_CellBalance.SchDoc with RES 1206 from Kaptanyums Lib.IntLib
Replace Symbol from R8 RES 0603 in C:\Users\fener\Masaüstü\Project\Altium Designer\BQ77908 BMS\BMS_CellBalance.SchDoc with RES 0603 from Kaptanyums Lib.IntLib
Replace Symbol from R9 RES 0603 in C:\Users\fener\Masaüstü\Project\Altium Designer\BQ77908 BMS\BMS_CellBalance.SchDoc with RES 0603 from Kaptanyums Lib.IntLib
Replace Symbol from R10 RES 2512 in C:\Users\fener\Masaüstü\Project\Altium Designer\BQ77908 BMS\BMS_CellBalance.SchDoc with RES 2512 from Kaptanyums Lib.IntLib
Replace Symbol from R11 RES 0603 in C:\Users\fener\Masaüstü\Project\Altium Designer\BQ77908 BMS\BMS_CellBalance.SchDoc with RES 0603 from Kaptanyums Lib.IntLib
Replace Symbol from R12 RES 0603 in C:\Users\fener\Masaüstü\Project\Altium Designer\BQ77908 BMS\BMS_CellBalance.SchDoc with RES 0603 from Kaptanyums Lib.IntLib
Replace Symbol from R13 RES 0603 in C:\Users\fener\Masaüstü\Project\Altium Designer\BQ77908 BMS\BMS_CellBalance.SchDoc with RES 0603 from Kaptanyums Lib.IntLib
Replace Symbol from R14 RES 0603 in C:\Users\fener\Masaüstü\Project\Altium Designer\BQ77908 BMS\BMS_CellBalance.SchDoc with RES 0603 from Kaptanyums Lib.IntLib
Replace Symbol from R15 RES 0603 in C:\Users\fener\Masaüstü\Project\Altium Designer\BQ77908 BMS\BMS_CellBalance.SchDoc with RES 0603 from Kaptanyums Lib.IntLib
Replace Symbol from R16 RES 0603 in C:\Users\fener\Masaüstü\Project\Altium Designer\BQ77908 BMS\BMS_CellBalance.SchDoc with RES 0603 from Kaptanyums Lib.IntLib
Replace Symbol from R17 RES 0603 in C:\Users\fener\Masaüstü\Project\Altium Designer\BQ77908 BMS\BMS_CellBalance.SchDoc with RES 0603 from Kaptanyums Lib.IntLib
Replace Symbol from R18 RES 0603 in C:\Users\fener\Masaüstü\Project\Altium Designer\BQ77908 BMS\BMS_CellBalance.SchDoc with RES 0603 from Kaptanyums Lib.IntLib
Replace Symbol from R19 RES 0603 in C:\Users\fener\Masaüstü\Project\Altium Designer\BQ77908 BMS\BMS_CellBalance.SchDoc with RES 0603 from Kaptanyums Lib.IntLib
Replace Symbol from R20 RES 0603 in C:\Users\fener\Masaüstü\Project\Altium Designer\BQ77908 BMS\BMS_CellBalance.SchDoc with RES 0603 from Kaptanyums Lib.IntLib
Replace Symbol from R21 RES 0603 in C:\Users\fener\Masaüstü\Project\Altium Designer\BQ77908 BMS\BMS_CellBalance.SchDoc with RES 0603 from Kaptanyums Lib.IntLib
Replace Symbol from R22 RES 0603 in C:\Users\fener\Masaüstü\Project\Altium Designer\BQ77908 BMS\BMS_CellBalance.SchDoc with RES 0603 from Kaptanyums Lib.IntLib
Replace Symbol from R23 RES 0603 in C:\Users\fener\Masaüstü\Project\Altium Designer\BQ77908 BMS\BMS_CellBalance.SchDoc with RES 0603 from Kaptanyums Lib.IntLib
Replace Symbol from R24 RES 0603 in C:\Users\fener\Masaüstü\Project\Altium Designer\BQ77908 BMS\BMS_CellBalance.SchDoc with RES 0603 from Kaptanyums Lib.IntLib
Replace Symbol from R25 RES 0603 in C:\Users\fener\Masaüstü\Project\Altium Designer\BQ77908 BMS\BMS_CellBalance.SchDoc with RES 0603 from Kaptanyums Lib.IntLib
Replace Symbol from R26 RES 0603 in C:\Users\fener\Masaüstü\Project\Altium Designer\BQ77908 BMS\BMS_CellBalance.SchDoc with RES 0603 from Kaptanyums Lib.IntLib
Replace Symbol from R27 RES 0603 in C:\Users\fener\Masaüstü\Project\Altium Designer\BQ77908 BMS\BMS_CellBalance.SchDoc with RES 0603 from Kaptanyums Lib.IntLib
Replace Symbol from R28 RES 0603 in C:\Users\fener\Masaüstü\Project\Altium Designer\BQ77908 BMS\BMS_CellBalance.SchDoc with RES 0603 from Kaptanyums Lib.IntLib
Replace Symbol from R29 RES 0603 in C:\Users\fener\Masaüstü\Project\Altium Designer\BQ77908 BMS\BMS_CellBalance.SchDoc with RES 0603 from Kaptanyums Lib.IntLib
Replace Symbol from RT1 NTC 0603 in C:\Users\fener\Masaüstü\Project\Altium Designer\BQ77908 BMS\BMS_CellBalance.SchDoc with NTC 0603 from Kaptanyums Lib.IntLib
Replace Symbol from U1 BQ77908 in C:\Users\fener\Masaüstü\Project\Altium Designer\BQ77908 BMS\BMS_CellBalance.SchDoc with BQ77908 from Kaptanyums Lib.IntLib
