Replace Symbol from C25 CAP 0603 in C:\Users\fener\Masa³st³\Project\Altium Designer\BQ77908 BMS\BMS_MCU.SchDoc with CAP 0603 from Kaptanyums Lib.IntLib
Replace Symbol from C26 CAP 0603 in C:\Users\fener\Masa³st³\Project\Altium Designer\BQ77908 BMS\BMS_MCU.SchDoc with CAP 0603 from Kaptanyums Lib.IntLib
Replace Symbol from C27 CAP 0603 in C:\Users\fener\Masa³st³\Project\Altium Designer\BQ77908 BMS\BMS_MCU.SchDoc with CAP 0603 from Kaptanyums Lib.IntLib
Replace Symbol from C28 CAP 0603 in C:\Users\fener\Masa³st³\Project\Altium Designer\BQ77908 BMS\BMS_MCU.SchDoc with CAP 0603 from Kaptanyums Lib.IntLib
Replace Symbol from C29 CAP 0603 in C:\Users\fener\Masa³st³\Project\Altium Designer\BQ77908 BMS\BMS_MCU.SchDoc with CAP 0603 from Kaptanyums Lib.IntLib
Replace Symbol from C30 CAP 0603 in C:\Users\fener\Masa³st³\Project\Altium Designer\BQ77908 BMS\BMS_MCU.SchDoc with CAP 0603 from Kaptanyums Lib.IntLib
Replace Symbol from C31 CAP 0603 in C:\Users\fener\Masa³st³\Project\Altium Designer\BQ77908 BMS\BMS_MCU.SchDoc with CAP 0603 from Kaptanyums Lib.IntLib
Replace Symbol from C32 CAP 0603 in C:\Users\fener\Masa³st³\Project\Altium Designer\BQ77908 BMS\BMS_MCU.SchDoc with CAP 0603 from Kaptanyums Lib.IntLib
Replace Symbol from C33 CAP 0603 in C:\Users\fener\Masa³st³\Project\Altium Designer\BQ77908 BMS\BMS_MCU.SchDoc with CAP 0603 from Kaptanyums Lib.IntLib
Replace Symbol from C34 CAP 0603 in C:\Users\fener\Masa³st³\Project\Altium Designer\BQ77908 BMS\BMS_MCU.SchDoc with CAP 0603 from Kaptanyums Lib.IntLib
Replace Symbol from C35 CAP 0603 in C:\Users\fener\Masa³st³\Project\Altium Designer\BQ77908 BMS\BMS_MCU.SchDoc with CAP 0603 from Kaptanyums Lib.IntLib
Replace Symbol from C36 CAP 0603 in C:\Users\fener\Masa³st³\Project\Altium Designer\BQ77908 BMS\BMS_MCU.SchDoc with CAP 0603 from Kaptanyums Lib.IntLib
Replace Symbol from C37 CAP 0603 in C:\Users\fener\Masa³st³\Project\Altium Designer\BQ77908 BMS\BMS_MCU.SchDoc with CAP 0603 from Kaptanyums Lib.IntLib
Replace Symbol from D14 1N5819HW-7-F in C:\Users\fener\Masa³st³\Project\Altium Designer\BQ77908 BMS\BMS_MCU.SchDoc with 1N5819HW-7-F from Kaptanyums Lib.IntLib
Replace Symbol from J8 HEADER 1x4 in C:\Users\fener\Masa³st³\Project\Altium Designer\BQ77908 BMS\BMS_MCU.SchDoc with HEADER 1x4 from Kaptanyums Lib.IntLib
Replace Symbol from J9 HEADER 1x3 in C:\Users\fener\Masa³st³\Project\Altium Designer\BQ77908 BMS\BMS_MCU.SchDoc with HEADER 1x3 from Kaptanyums Lib.IntLib
Replace Symbol from L1 INDUCTOR SMD in C:\Users\fener\Masa³st³\Project\Altium Designer\BQ77908 BMS\BMS_MCU.SchDoc with INDUCTOR SMD from Kaptanyums Lib.IntLib
Replace Symbol from R30 RES 0603 in C:\Users\fener\Masa³st³\Project\Altium Designer\BQ77908 BMS\BMS_MCU.SchDoc with RES 0603 from Kaptanyums Lib.IntLib
Replace Symbol from R31 RES 0603 in C:\Users\fener\Masa³st³\Project\Altium Designer\BQ77908 BMS\BMS_MCU.SchDoc with RES 0603 from Kaptanyums Lib.IntLib
Replace Symbol from R32 RES 0603 in C:\Users\fener\Masa³st³\Project\Altium Designer\BQ77908 BMS\BMS_MCU.SchDoc with RES 0603 from Kaptanyums Lib.IntLib
Replace Symbol from RJ1 RJ14 SOCKET in C:\Users\fener\Masa³st³\Project\Altium Designer\BQ77908 BMS\BMS_MCU.SchDoc with RJ14 SOCKET from Kaptanyums Lib.IntLib
Replace Symbol from SW1 DTSMF-31R in C:\Users\fener\Masa³st³\Project\Altium Designer\BQ77908 BMS\BMS_MCU.SchDoc with DTSMF-31R from Kaptanyums Lib.IntLib
Replace Symbol from U2 TL3472CDR in C:\Users\fener\Masa³st³\Project\Altium Designer\BQ77908 BMS\BMS_MCU.SchDoc with TL3472CDR from Kaptanyums Lib.IntLib
Replace Symbol from U3 TL3472CDR in C:\Users\fener\Masa³st³\Project\Altium Designer\BQ77908 BMS\BMS_MCU.SchDoc with TL3472CDR from Kaptanyums Lib.IntLib
Replace Symbol from U4 TL3472CDR in C:\Users\fener\Masa³st³\Project\Altium Designer\BQ77908 BMS\BMS_MCU.SchDoc with TL3472CDR from Kaptanyums Lib.IntLib
Replace Symbol from U5 AMS1117-3V3 in C:\Users\fener\Masa³st³\Project\Altium Designer\BQ77908 BMS\BMS_MCU.SchDoc with AMS1117-3V3 from Kaptanyums Lib.IntLib
Replace Symbol from U6 LM2575-5V in C:\Users\fener\Masa³st³\Project\Altium Designer\BQ77908 BMS\BMS_MCU.SchDoc with LM2575-5V from Kaptanyums Lib.IntLib
Replace Symbol from U7 ADS1015 in C:\Users\fener\Masa³st³\Project\Altium Designer\BQ77908 BMS\BMS_MCU.SchDoc with ADS1015 from Kaptanyums Lib.IntLib
Replace Symbol from U8 ADS1015 in C:\Users\fener\Masa³st³\Project\Altium Designer\BQ77908 BMS\BMS_MCU.SchDoc with ADS1015 from Kaptanyums Lib.IntLib
Replace Symbol from U9 STM32F103x8 in C:\Users\fener\Masa³st³\Project\Altium Designer\BQ77908 BMS\BMS_MCU.SchDoc with STM32F103x8 from Kaptanyums Lib.IntLib
Replace Symbol from U10 MCP2551T-I in C:\Users\fener\Masa³st³\Project\Altium Designer\BQ77908 BMS\BMS_MCU.SchDoc with MCP2551T-I from Kaptanyums Lib.IntLib
Replace Symbol from X1 CRYSTAL in C:\Users\fener\Masa³st³\Project\Altium Designer\BQ77908 BMS\BMS_MCU.SchDoc with CRYSTAL from Kaptanyums Lib.IntLib
