Replace Part C1 CAP 0603 in C:\Users\fener\Masa³st³\Project\Altium Designer\BQ77908 BMS\BMS_CellBalance.SchDoc with CAP 0603 from Kaptanyums Lib.IntLib
Replace Part C2 CAP 0805 in C:\Users\fener\Masa³st³\Project\Altium Designer\BQ77908 BMS\BMS_CellBalance.SchDoc with CAP 0805 from Kaptanyums Lib.IntLib
Replace Part C3 CAP 0805 in C:\Users\fener\Masa³st³\Project\Altium Designer\BQ77908 BMS\BMS_CellBalance.SchDoc with CAP 0805 from Kaptanyums Lib.IntLib
Replace Part C4 CAP 0805 in C:\Users\fener\Masa³st³\Project\Altium Designer\BQ77908 BMS\BMS_CellBalance.SchDoc with CAP 0805 from Kaptanyums Lib.IntLib
Replace Part C5 CAP 0805 in C:\Users\fener\Masa³st³\Project\Altium Designer\BQ77908 BMS\BMS_CellBalance.SchDoc with CAP 0805 from Kaptanyums Lib.IntLib
Replace Part C6 CAP 0603 in C:\Users\fener\Masa³st³\Project\Altium Designer\BQ77908 BMS\BMS_CellBalance.SchDoc with CAP 0603 from Kaptanyums Lib.IntLib
Replace Part C7 CAP 0603 in C:\Users\fener\Masa³st³\Project\Altium Designer\BQ77908 BMS\BMS_CellBalance.SchDoc with CAP 0603 from Kaptanyums Lib.IntLib
Replace Part C8 CAP 0805 in C:\Users\fener\Masa³st³\Project\Altium Designer\BQ77908 BMS\BMS_CellBalance.SchDoc with CAP 0805 from Kaptanyums Lib.IntLib
Replace Part C9 CAP 0805 in C:\Users\fener\Masa³st³\Project\Altium Designer\BQ77908 BMS\BMS_CellBalance.SchDoc with CAP 0805 from Kaptanyums Lib.IntLib
Replace Part C10 CAP 0603 in C:\Users\fener\Masa³st³\Project\Altium Designer\BQ77908 BMS\BMS_CellBalance.SchDoc with CAP 0603 from Kaptanyums Lib.IntLib
Replace Part C11 CAP 0603 in C:\Users\fener\Masa³st³\Project\Altium Designer\BQ77908 BMS\BMS_CellBalance.SchDoc with CAP 0603 from Kaptanyums Lib.IntLib
Replace Part C12 CAP 0603 in C:\Users\fener\Masa³st³\Project\Altium Designer\BQ77908 BMS\BMS_CellBalance.SchDoc with CAP 0603 from Kaptanyums Lib.IntLib
Replace Part C13 CAP 0603 in C:\Users\fener\Masa³st³\Project\Altium Designer\BQ77908 BMS\BMS_CellBalance.SchDoc with CAP 0603 from Kaptanyums Lib.IntLib
Replace Part C14 CAP 0603 in C:\Users\fener\Masa³st³\Project\Altium Designer\BQ77908 BMS\BMS_CellBalance.SchDoc with CAP 0603 from Kaptanyums Lib.IntLib
Replace Part C15 CAP 0603 in C:\Users\fener\Masa³st³\Project\Altium Designer\BQ77908 BMS\BMS_CellBalance.SchDoc with CAP 0603 from Kaptanyums Lib.IntLib
Replace Part C16 CAP 0603 in C:\Users\fener\Masa³st³\Project\Altium Designer\BQ77908 BMS\BMS_CellBalance.SchDoc with CAP 0603 from Kaptanyums Lib.IntLib
Replace Part C17 CAP 0603 in C:\Users\fener\Masa³st³\Project\Altium Designer\BQ77908 BMS\BMS_CellBalance.SchDoc with CAP 0603 from Kaptanyums Lib.IntLib
Replace Part C18 CAP 0603 in C:\Users\fener\Masa³st³\Project\Altium Designer\BQ77908 BMS\BMS_CellBalance.SchDoc with CAP 0603 from Kaptanyums Lib.IntLib
Replace Part C19 CAP 0603 in C:\Users\fener\Masa³st³\Project\Altium Designer\BQ77908 BMS\BMS_CellBalance.SchDoc with CAP 0603 from Kaptanyums Lib.IntLib
Replace Part C20 CAP 0603 in C:\Users\fener\Masa³st³\Project\Altium Designer\BQ77908 BMS\BMS_CellBalance.SchDoc with CAP 0603 from Kaptanyums Lib.IntLib
Replace Part C21 CAP 0603 in C:\Users\fener\Masa³st³\Project\Altium Designer\BQ77908 BMS\BMS_CellBalance.SchDoc with CAP 0603 from Kaptanyums Lib.IntLib
Replace Part C22 CAP 0603 in C:\Users\fener\Masa³st³\Project\Altium Designer\BQ77908 BMS\BMS_CellBalance.SchDoc with CAP 0603 from Kaptanyums Lib.IntLib
Replace Part C23 CAP 0603 in C:\Users\fener\Masa³st³\Project\Altium Designer\BQ77908 BMS\BMS_CellBalance.SchDoc with CAP 0603 from Kaptanyums Lib.IntLib
Replace Part C24 CAP 0603 in C:\Users\fener\Masa³st³\Project\Altium Designer\BQ77908 BMS\BMS_CellBalance.SchDoc with CAP 0603 from Kaptanyums Lib.IntLib
Replace Part D1 SMAJ36A-HT in C:\Users\fener\Masa³st³\Project\Altium Designer\BQ77908 BMS\BMS_CellBalance.SchDoc with SMAJ36A-HT from Kaptanyums Lib.IntLib
Replace Part D2 LED 0603 in C:\Users\fener\Masa³st³\Project\Altium Designer\BQ77908 BMS\BMS_CellBalance.SchDoc with LED 0603 from Kaptanyums Lib.IntLib
Replace Part D3 1N4148WS-HT in C:\Users\fener\Masa³st³\Project\Altium Designer\BQ77908 BMS\BMS_CellBalance.SchDoc with 1N4148WS-HT from Kaptanyums Lib.IntLib
Replace Part D4 LED 0603 in C:\Users\fener\Masa³st³\Project\Altium Designer\BQ77908 BMS\BMS_CellBalance.SchDoc with LED 0603 from Kaptanyums Lib.IntLib
Replace Part D5 LED 0603 in C:\Users\fener\Masa³st³\Project\Altium Designer\BQ77908 BMS\BMS_CellBalance.SchDoc with LED 0603 from Kaptanyums Lib.IntLib
Replace Part D6 LED 0603 in C:\Users\fener\Masa³st³\Project\Altium Designer\BQ77908 BMS\BMS_CellBalance.SchDoc with LED 0603 from Kaptanyums Lib.IntLib
Replace Part D7 LED 0603 in C:\Users\fener\Masa³st³\Project\Altium Designer\BQ77908 BMS\BMS_CellBalance.SchDoc with LED 0603 from Kaptanyums Lib.IntLib
Replace Part D8 LED 0603 in C:\Users\fener\Masa³st³\Project\Altium Designer\BQ77908 BMS\BMS_CellBalance.SchDoc with LED 0603 from Kaptanyums Lib.IntLib
Replace Part D9 1N4148WS-HT in C:\Users\fener\Masa³st³\Project\Altium Designer\BQ77908 BMS\BMS_CellBalance.SchDoc with 1N4148WS-HT from Kaptanyums Lib.IntLib
Replace Part D10 SMAJ36A-HT in C:\Users\fener\Masa³st³\Project\Altium Designer\BQ77908 BMS\BMS_CellBalance.SchDoc with SMAJ36A-HT from Kaptanyums Lib.IntLib
Replace Part D11 BYQ28ED in C:\Users\fener\Masa³st³\Project\Altium Designer\BQ77908 BMS\BMS_CellBalance.SchDoc with BYQ28ED from Kaptanyums Lib.IntLib
Replace Part D12 BYQ28ED in C:\Users\fener\Masa³st³\Project\Altium Designer\BQ77908 BMS\BMS_CellBalance.SchDoc with BYQ28ED from Kaptanyums Lib.IntLib
Replace Part D13 SMAJ36A-HT in C:\Users\fener\Masa³st³\Project\Altium Designer\BQ77908 BMS\BMS_CellBalance.SchDoc with SMAJ36A-HT from Kaptanyums Lib.IntLib
Replace Part J1 HEADER 1x3 in C:\Users\fener\Masa³st³\Project\Altium Designer\BQ77908 BMS\BMS_CellBalance.SchDoc with HEADER 1x3 from Kaptanyums Lib.IntLib
Replace Part J2 HEADER 1x3 in C:\Users\fener\Masa³st³\Project\Altium Designer\BQ77908 BMS\BMS_CellBalance.SchDoc with HEADER 1x3 from Kaptanyums Lib.IntLib
Replace Part J3 JST-XH-7 in C:\Users\fener\Masa³st³\Project\Altium Designer\BQ77908 BMS\BMS_CellBalance.SchDoc with JST-XH-7 from Kaptanyums Lib.IntLib
Replace Part J4 JST-XH-2 in C:\Users\fener\Masa³st³\Project\Altium Designer\BQ77908 BMS\BMS_CellBalance.SchDoc with JST-XH-2 from Kaptanyums Lib.IntLib
Replace Part J5 HEADER 1x2 in C:\Users\fener\Masa³st³\Project\Altium Designer\BQ77908 BMS\BMS_CellBalance.SchDoc with HEADER 1x2 from Kaptanyums Lib.IntLib
Replace Part J6 SCREW TERMINAL in C:\Users\fener\Masa³st³\Project\Altium Designer\BQ77908 BMS\BMS_CellBalance.SchDoc with SCREW TERMINAL from Kaptanyums Lib.IntLib
Replace Part J7 SCREW TERMINAL in C:\Users\fener\Masa³st³\Project\Altium Designer\BQ77908 BMS\BMS_CellBalance.SchDoc with SCREW TERMINAL from Kaptanyums Lib.IntLib
Replace Part Q1 IRF540SPBF in C:\Users\fener\Masa³st³\Project\Altium Designer\BQ77908 BMS\BMS_CellBalance.SchDoc with IRF540SPBF from Kaptanyums Lib.IntLib
Replace Part Q2 IRF540SPBF in C:\Users\fener\Masa³st³\Project\Altium Designer\BQ77908 BMS\BMS_CellBalance.SchDoc with IRF540SPBF from Kaptanyums Lib.IntLib
Replace Part R1 RES 1206 in C:\Users\fener\Masa³st³\Project\Altium Designer\BQ77908 BMS\BMS_CellBalance.SchDoc with RES 1206 from Kaptanyums Lib.IntLib
Replace Part R2 RES 0603 in C:\Users\fener\Masa³st³\Project\Altium Designer\BQ77908 BMS\BMS_CellBalance.SchDoc with RES 0603 from Kaptanyums Lib.IntLib
Replace Part R3 RES 0603 in C:\Users\fener\Masa³st³\Project\Altium Designer\BQ77908 BMS\BMS_CellBalance.SchDoc with RES 0603 from Kaptanyums Lib.IntLib
Replace Part R4 RES 0603 in C:\Users\fener\Masa³st³\Project\Altium Designer\BQ77908 BMS\BMS_CellBalance.SchDoc with RES 0603 from Kaptanyums Lib.IntLib
Replace Part R5 RES 1206 in C:\Users\fener\Masa³st³\Project\Altium Designer\BQ77908 BMS\BMS_CellBalance.SchDoc with RES 1206 from Kaptanyums Lib.IntLib
Replace Part R6 RES 0603 in C:\Users\fener\Masa³st³\Project\Altium Designer\BQ77908 BMS\BMS_CellBalance.SchDoc with RES 0603 from Kaptanyums Lib.IntLib
Replace Part R7 RES 0603 in C:\Users\fener\Masa³st³\Project\Altium Designer\BQ77908 BMS\BMS_CellBalance.SchDoc with RES 0603 from Kaptanyums Lib.IntLib
Replace Part R8 RES 1206 in C:\Users\fener\Masa³st³\Project\Altium Designer\BQ77908 BMS\BMS_CellBalance.SchDoc with RES 1206 from Kaptanyums Lib.IntLib
Replace Part R9 RES 0603 in C:\Users\fener\Masa³st³\Project\Altium Designer\BQ77908 BMS\BMS_CellBalance.SchDoc with RES 0603 from Kaptanyums Lib.IntLib
Replace Part R10 RES 1206 in C:\Users\fener\Masa³st³\Project\Altium Designer\BQ77908 BMS\BMS_CellBalance.SchDoc with RES 1206 from Kaptanyums Lib.IntLib
Replace Part R11 RES 1206 in C:\Users\fener\Masa³st³\Project\Altium Designer\BQ77908 BMS\BMS_CellBalance.SchDoc with RES 1206 from Kaptanyums Lib.IntLib
Replace Part R12 RES 1206 in C:\Users\fener\Masa³st³\Project\Altium Designer\BQ77908 BMS\BMS_CellBalance.SchDoc with RES 1206 from Kaptanyums Lib.IntLib
Replace Part R13 RES 1206 in C:\Users\fener\Masa³st³\Project\Altium Designer\BQ77908 BMS\BMS_CellBalance.SchDoc with RES 1206 from Kaptanyums Lib.IntLib
Replace Part R14 RES 0603 in C:\Users\fener\Masa³st³\Project\Altium Designer\BQ77908 BMS\BMS_CellBalance.SchDoc with RES 0603 from Kaptanyums Lib.IntLib
Replace Part R15 RES 0603 in C:\Users\fener\Masa³st³\Project\Altium Designer\BQ77908 BMS\BMS_CellBalance.SchDoc with RES 0603 from Kaptanyums Lib.IntLib
Replace Part R16 RES 0603 in C:\Users\fener\Masa³st³\Project\Altium Designer\BQ77908 BMS\BMS_CellBalance.SchDoc with RES 0603 from Kaptanyums Lib.IntLib
Replace Part R17 RES 0603 in C:\Users\fener\Masa³st³\Project\Altium Designer\BQ77908 BMS\BMS_CellBalance.SchDoc with RES 0603 from Kaptanyums Lib.IntLib
Replace Part R18 RES 0603 in C:\Users\fener\Masa³st³\Project\Altium Designer\BQ77908 BMS\BMS_CellBalance.SchDoc with RES 0603 from Kaptanyums Lib.IntLib
Replace Part R19 RES 0603 in C:\Users\fener\Masa³st³\Project\Altium Designer\BQ77908 BMS\BMS_CellBalance.SchDoc with RES 0603 from Kaptanyums Lib.IntLib
Replace Part R20 RES 0603 in C:\Users\fener\Masa³st³\Project\Altium Designer\BQ77908 BMS\BMS_CellBalance.SchDoc with RES 0603 from Kaptanyums Lib.IntLib
Replace Part R21 RES 0603 in C:\Users\fener\Masa³st³\Project\Altium Designer\BQ77908 BMS\BMS_CellBalance.SchDoc with RES 0603 from Kaptanyums Lib.IntLib
Replace Part R22 RES 0603 in C:\Users\fener\Masa³st³\Project\Altium Designer\BQ77908 BMS\BMS_CellBalance.SchDoc with RES 0603 from Kaptanyums Lib.IntLib
Replace Part R23 RES 0603 in C:\Users\fener\Masa³st³\Project\Altium Designer\BQ77908 BMS\BMS_CellBalance.SchDoc with RES 0603 from Kaptanyums Lib.IntLib
Replace Part R24 RES 0603 in C:\Users\fener\Masa³st³\Project\Altium Designer\BQ77908 BMS\BMS_CellBalance.SchDoc with RES 0603 from Kaptanyums Lib.IntLib
Replace Part R25 RES 0603 in C:\Users\fener\Masa³st³\Project\Altium Designer\BQ77908 BMS\BMS_CellBalance.SchDoc with RES 0603 from Kaptanyums Lib.IntLib
Replace Part R26 RES 0603 in C:\Users\fener\Masa³st³\Project\Altium Designer\BQ77908 BMS\BMS_CellBalance.SchDoc with RES 0603 from Kaptanyums Lib.IntLib
Replace Part R27 RES 0603 in C:\Users\fener\Masa³st³\Project\Altium Designer\BQ77908 BMS\BMS_CellBalance.SchDoc with RES 0603 from Kaptanyums Lib.IntLib
Replace Part R28 RES 0603 in C:\Users\fener\Masa³st³\Project\Altium Designer\BQ77908 BMS\BMS_CellBalance.SchDoc with RES 0603 from Kaptanyums Lib.IntLib
Replace Part R29 RES 2512 in C:\Users\fener\Masa³st³\Project\Altium Designer\BQ77908 BMS\BMS_CellBalance.SchDoc with RES 2512 from Kaptanyums Lib.IntLib
Replace Part RT1 NTC 0603 in C:\Users\fener\Masa³st³\Project\Altium Designer\BQ77908 BMS\BMS_CellBalance.SchDoc with NTC 0603 from Kaptanyums Lib.IntLib
Replace Part U1 BQ77908 in C:\Users\fener\Masa³st³\Project\Altium Designer\BQ77908 BMS\BMS_CellBalance.SchDoc with BQ77908 from Kaptanyums Lib.IntLib
