Change Component Comment : Designator=C6 Old Comment=CAP 0603 New Comment=0.1uF
Change Component Comment : Designator=C8 Old Comment=CAP 0603 New Comment=0.1uF
Change Component Comment : Designator=C11 Old Comment=CAP 0603 New Comment=0.1uF
Change Component Comment : Designator=C12 Old Comment=CAP 0603 New Comment=0.1uF
Change Component Comment : Designator=C13 Old Comment=CAP 0603 New Comment=0.1uF
Change Component Comment : Designator=C15 Old Comment=CAP 0603 New Comment=0.1uF
Change Component Comment : Designator=C17 Old Comment=CAP 0603 New Comment=0.1uF
Change Component Comment : Designator=C19 Old Comment=CAP 0603 New Comment=0.1uF
Change Component Comment : Designator=C20 Old Comment=CAP 0603 New Comment=0.1uF
Change Component Comment : Designator=C21 Old Comment=CAP 0603 New Comment=0.1uF
Change Component Comment : Designator=C22 Old Comment=CAP 0603 New Comment=0.1uF
Change Component Comment : Designator=C23 Old Comment=CAP 0603 New Comment=0.1uF
Change Component Comment : Designator=C24 Old Comment=CAP 0603 New Comment=0.1uF
Change Component Comment : Designator=C29 Old Comment=CAP 0603 New Comment=0.1uF
Change Component Comment : Designator=C30 Old Comment=CAP 0603 New Comment=0.1uF
Change Component Comment : Designator=C31 Old Comment=CAP 0603 New Comment=0.1uF
Change Component Comment : Designator=C32 Old Comment=CAP 0603 New Comment=0.1uF
Change Component Comment : Designator=C33 Old Comment=CAP 0603 New Comment=0.1uF
Change Component Comment : Designator=C34 Old Comment=CAP 0603 New Comment=0.1uF
Change Component Comment : Designator=C35 Old Comment=CAP 0603 New Comment=0.1uF
Change Component Comment : Designator=C36 Old Comment=CAP 0603 New Comment=0.1uF
Change Component Comment : Designator=C37 Old Comment=CAP 0603 New Comment=0.1uF
Change Component Comment : Designator=C38 Old Comment=CAP 0603 New Comment=0.1uF
Change Component Comment : Designator=C39 Old Comment=CAP 0603 New Comment=0.1uF
Change Component Comment : Designator=C10 Old Comment=CAP 0603 New Comment=1uF
Change Component Comment : Designator=C18 Old Comment=CAP 0603 New Comment=1uF
Change Component Comment : Designator=C16 Old Comment=CAP 0603 New Comment=4.7uF
Change Component Comment : Designator=C7 Old Comment=CAP 0603 New Comment=10nF
Change Component Comment : Designator=C14 Old Comment=CAP 0603 New Comment=10uF
Change Component Comment : Designator=C27 Old Comment=CAP 0603 New Comment=22uF
Change Component Comment : Designator=C26 Old Comment=CAP 0603 New Comment=100nF
Change Component Comment : Designator=C25 Old Comment=CAP 0603 New Comment=100uF
Change Component Comment : Designator=C28 Old Comment=CAP 0603 New Comment=330uF
Change Component Comment : Designator=C1 Old Comment=CAP 0805 New Comment=1uF
Change Component Comment : Designator=C2 Old Comment=CAP 0805 New Comment=1uF
Change Component Comment : Designator=C3 Old Comment=CAP 0805 New Comment=1uF
Change Component Comment : Designator=C4 Old Comment=CAP 0805 New Comment=1uF
Change Component Comment : Designator=C5 Old Comment=CAP 0805 New Comment=1uF
Change Component Comment : Designator=C9 Old Comment=CAP 0805 New Comment=1uF
Change Component Comment : Designator=L1 Old Comment=INDUCTOR SMD New Comment=330uH
Change Component Comment : Designator=RT1 Old Comment=NTC 0603 New Comment=10K
Change Component Comment : Designator=R9 Old Comment=RES 0603 New Comment=1K
Change Component Comment : Designator=R12 Old Comment=RES 0603 New Comment=1K
Change Component Comment : Designator=R16 Old Comment=RES 0603 New Comment=1K
Change Component Comment : Designator=R18 Old Comment=RES 0603 New Comment=1K
Change Component Comment : Designator=R19 Old Comment=RES 0603 New Comment=1K
Change Component Comment : Designator=R20 Old Comment=RES 0603 New Comment=1K
Change Component Comment : Designator=R21 Old Comment=RES 0603 New Comment=1K
Change Component Comment : Designator=R24 Old Comment=RES 0603 New Comment=1K
Change Component Comment : Designator=R25 Old Comment=RES 0603 New Comment=1K
Change Component Comment : Designator=R27 Old Comment=RES 0603 New Comment=1K
Change Component Comment : Designator=R28 Old Comment=RES 0603 New Comment=1K
Change Component Comment : Designator=R30 Old Comment=RES 0603 New Comment=1K
Change Component Comment : Designator=R14 Old Comment=RES 0603 New Comment=5.1M
Change Component Comment : Designator=R22 Old Comment=RES 0603 New Comment=5.1M
Change Component Comment : Designator=R8 Old Comment=RES 0603 New Comment=10K
Change Component Comment : Designator=R31 Old Comment=RES 0603 New Comment=10K
Change Component Comment : Designator=R26 Old Comment=RES 0603 New Comment=47K
Change Component Comment : Designator=R11 Old Comment=RES 0603 New Comment=50R
Change Component Comment : Designator=R13 Old Comment=RES 0603 New Comment=100R
Change Component Comment : Designator=R17 Old Comment=RES 0603 New Comment=100R
Change Component Comment : Designator=R23 Old Comment=RES 0603 New Comment=100R
Change Component Comment : Designator=R29 Old Comment=RES 0603 New Comment=100R
Change Component Comment : Designator=R15 Old Comment=RES 0603 New Comment=200R
Change Component Comment : Designator=R1 Old Comment=RES 1206 New Comment=500R
Change Component Comment : Designator=R2 Old Comment=RES 1206 New Comment=500R
Change Component Comment : Designator=R3 Old Comment=RES 1206 New Comment=500R
Change Component Comment : Designator=R4 Old Comment=RES 1206 New Comment=500R
Change Component Comment : Designator=R5 Old Comment=RES 1206 New Comment=500R
Change Component Comment : Designator=R6 Old Comment=RES 1206 New Comment=500R
Change Component Comment : Designator=R7 Old Comment=RES 1206 New Comment=500R
Change Component Comment : Designator=R10 Old Comment=RES 2512 New Comment=0.002R Shunt
Change Class Name : Old Net Name=BMS_CellBalance New Net Name=BMS_Cell
