Removed Pin From Net: NetName=VC3 Pin=R13-1
Removed Pin From Net: NetName=VC4 Pin=U1-1
Removed Pin From Net: NetName=VC5 Pin=U1-3
Removed Pin From Net: NetName=VC6 Pin=U1-5
Removed Pin From Net: NetName=VC7 Pin=U1-6
Removed Pin From Net: NetName=VC8 Pin=U1-7
Removed Pin From Net: NetName=VC3 Pin=U1-38
Added Pin To Net: NetName=NetD2_1 Pin=U1-1
Added Pin To Net: NetName=NetD3_1 Pin=U1-3
Added Pin To Net: NetName=NetD4_1 Pin=U1-5
Added Pin To Net: NetName=NetD5_1 Pin=U1-6
Added Pin To Net: NetName=NetD6_1 Pin=U1-7
Change Net Name : Old Net Name=NetD2_1 New Net Name=VC4
Change Net Name : Old Net Name=NetD3_1 New Net Name=VC5
Change Net Name : Old Net Name=NetD4_1 New Net Name=VC6
Change Net Name : Old Net Name=NetD5_1 New Net Name=VC7
Change Net Name : Old Net Name=NetD6_1 New Net Name=VC8
Change Net Name : Old Net Name=VC3 New Net Name=NetC1_1
Change Net Name : Old Net Name=VC4 New Net Name=NetC1_2
Change Net Name : Old Net Name=VC5 New Net Name=NetC2_2
Change Net Name : Old Net Name=VC6 New Net Name=NetC3_2
Change Net Name : Old Net Name=VC7 New Net Name=NetC4_2
Change Net Name : Old Net Name=VC8 New Net Name=NetC9_1
Added Pin To Net: NetName=VC3 Pin=D1-1
Added Pin To Net: NetName=VC3 Pin=R13-1
Added Pin To Net: NetName=VC3 Pin=U1-38
Added Pin To Net: NetName=VC3 Pin=U2-3
Added Net: Name=VC3
