Change Physical Footprint: Designator=C1 Old Footprint=CAP 0805 New Footprint=CAP 0805
Change Physical Footprint: Designator=C2 Old Footprint=CAP 0805 New Footprint=CAP 0805
Change Physical Footprint: Designator=C3 Old Footprint=CAP 0805 New Footprint=CAP 0805
Change Physical Footprint: Designator=C4 Old Footprint=CAP 0805 New Footprint=CAP 0805
Change Physical Footprint: Designator=C5 Old Footprint=CAP 0805 New Footprint=CAP 0805
Change Physical Footprint: Designator=C6 Old Footprint=CAP 0603 New Footprint=CAP 0603
Change Physical Footprint: Designator=C7 Old Footprint=CAP 0603 New Footprint=CAP 0603
Change Physical Footprint: Designator=C8 Old Footprint=CAP 0603 New Footprint=CAP 0603
Change Physical Footprint: Designator=C9 Old Footprint=CAP 0805 New Footprint=CAP 0805
Change Physical Footprint: Designator=C10 Old Footprint=CAP 0603 New Footprint=CAP 0603
Change Physical Footprint: Designator=C11 Old Footprint=CAP 0603 New Footprint=CAP 0603
Change Physical Footprint: Designator=C12 Old Footprint=CAP 0603 New Footprint=CAP 0603
Change Physical Footprint: Designator=C13 Old Footprint=CAP 0603 New Footprint=CAP 0603
Change Physical Footprint: Designator=C14 Old Footprint=CAP 0603 New Footprint=CAP 0603
Change Physical Footprint: Designator=C15 Old Footprint=CAP 0603 New Footprint=CAP 0603
Change Physical Footprint: Designator=C16 Old Footprint=CAP 0603 New Footprint=CAP 0603
Change Physical Footprint: Designator=C17 Old Footprint=CAP 0603 New Footprint=CAP 0603
Change Physical Footprint: Designator=C18 Old Footprint=CAP 0603 New Footprint=CAP 0603
Change Physical Footprint: Designator=C19 Old Footprint=CAP 0603 New Footprint=CAP 0603
Change Physical Footprint: Designator=C20 Old Footprint=CAP 0603 New Footprint=CAP 0603
Change Physical Footprint: Designator=C21 Old Footprint=CAP 0603 New Footprint=CAP 0603
Change Physical Footprint: Designator=C22 Old Footprint=CAP 0603 New Footprint=CAP 0603
Change Physical Footprint: Designator=C23 Old Footprint=CAP 0603 New Footprint=CAP 0603
Change Physical Footprint: Designator=C24 Old Footprint=CAP 0603 New Footprint=CAP 0603
Change Physical Footprint: Designator=C25 Old Footprint=CAP 0603 New Footprint=CAP 0603
Change Physical Footprint: Designator=C26 Old Footprint=CAP 0603 New Footprint=CAP 0603
Change Physical Footprint: Designator=C27 Old Footprint=CAP 0603 New Footprint=CAP 0603
Change Physical Footprint: Designator=C28 Old Footprint=CAP 0603 New Footprint=CAP 0603
Change Physical Footprint: Designator=C29 Old Footprint=CAP 0603 New Footprint=CAP 0603
Change Physical Footprint: Designator=C30 Old Footprint=CAP 0603 New Footprint=CAP 0603
Change Physical Footprint: Designator=C31 Old Footprint=CAP 0603 New Footprint=CAP 0603
Change Physical Footprint: Designator=C32 Old Footprint=CAP 0603 New Footprint=CAP 0603
Change Physical Footprint: Designator=C33 Old Footprint=CAP 0603 New Footprint=CAP 0603
Change Physical Footprint: Designator=C34 Old Footprint=CAP 0603 New Footprint=CAP 0603
Change Physical Footprint: Designator=C35 Old Footprint=CAP 0603 New Footprint=CAP 0603
Change Physical Footprint: Designator=C36 Old Footprint=CAP 0603 New Footprint=CAP 0603
Change Physical Footprint: Designator=C37 Old Footprint=CAP 0603 New Footprint=CAP 0603
Change Physical Footprint: Designator=D1 Old Footprint=RESISTOR 0603 New Footprint=RESISTOR 0603
Change Physical Footprint: Designator=D2 Old Footprint=RESISTOR 0603 New Footprint=RESISTOR 0603
Change Physical Footprint: Designator=D3 Old Footprint=RESISTOR 0603 New Footprint=RESISTOR 0603
Change Physical Footprint: Designator=D4 Old Footprint=RESISTOR 0603 New Footprint=RESISTOR 0603
Change Physical Footprint: Designator=D5 Old Footprint=RESISTOR 0603 New Footprint=RESISTOR 0603
Change Physical Footprint: Designator=D6 Old Footprint=RESISTOR 0603 New Footprint=RESISTOR 0603
Change Physical Footprint: Designator=D7 Old Footprint=DO214AC New Footprint=DO214AC
Change Physical Footprint: Designator=D8 Old Footprint=SOD323 New Footprint=SOD323
Change Physical Footprint: Designator=D9 Old Footprint=DO214AC New Footprint=DO214AC
Change Physical Footprint: Designator=D10 Old Footprint=DO214AC New Footprint=DO214AC
Change Physical Footprint: Designator=D11 Old Footprint=SOD323 New Footprint=SOD323
Change Physical Footprint: Designator=D12 Old Footprint=DPAK New Footprint=DPAK
Change Physical Footprint: Designator=D13 Old Footprint=DPAK New Footprint=DPAK
Change Physical Footprint: Designator=D14 Old Footprint=SOD123 New Footprint=SOD123
Change Physical Footprint: Designator=J1 Old Footprint=JST-XH-7 New Footprint=JST-XH-7
Change Physical Footprint: Designator=J2 Old Footprint=HEADER 1x2 New Footprint=HEADER 1x2
Change Physical Footprint: Designator=J3 Old Footprint=JST-XH-2 New Footprint=JST-XH-2
Change Physical Footprint: Designator=J4 Old Footprint=HEADER 1x3 New Footprint=HEADER 1x3
Change Physical Footprint: Designator=J5 Old Footprint=Terminal 1x2 New Footprint=Terminal 1x2
Change Physical Footprint: Designator=J6 Old Footprint=Terminal 1x2 New Footprint=Terminal 1x2
Change Physical Footprint: Designator=J7 Old Footprint=HEADER 1x3 New Footprint=HEADER 1x3
Change Physical Footprint: Designator=J8 Old Footprint=HEADER 1x4 New Footprint=HEADER 1x4
Change Physical Footprint: Designator=J9 Old Footprint=HEADER 1x3 New Footprint=HEADER 1x3
Change Physical Footprint: Designator=L1 Old Footprint=INDUCTOR SMD New Footprint=INDUCTOR SMD
Change Physical Footprint: Designator=Q1 Old Footprint=D2PAK-3 New Footprint=D2PAK-3
Change Physical Footprint: Designator=Q2 Old Footprint=D2PAK-3 New Footprint=D2PAK-3
Change Physical Footprint: Designator=R1 Old Footprint=RESISTOR 1206 New Footprint=RESISTOR 1206
Change Physical Footprint: Designator=R2 Old Footprint=RESISTOR 1206 New Footprint=RESISTOR 1206
Change Physical Footprint: Designator=R3 Old Footprint=RESISTOR 1206 New Footprint=RESISTOR 1206
Change Physical Footprint: Designator=R4 Old Footprint=RESISTOR 1206 New Footprint=RESISTOR 1206
Change Physical Footprint: Designator=R5 Old Footprint=RESISTOR 1206 New Footprint=RESISTOR 1206
Change Physical Footprint: Designator=R6 Old Footprint=RESISTOR 1206 New Footprint=RESISTOR 1206
Change Physical Footprint: Designator=R7 Old Footprint=RESISTOR 1206 New Footprint=RESISTOR 1206
Change Physical Footprint: Designator=R8 Old Footprint=RESISTOR 0603 New Footprint=RESISTOR 0603
Change Physical Footprint: Designator=R9 Old Footprint=RESISTOR 0603 New Footprint=RESISTOR 0603
Change Physical Footprint: Designator=R10 Old Footprint=RESISTOR 2512 New Footprint=RESISTOR 2512
Change Physical Footprint: Designator=R11 Old Footprint=RESISTOR 0603 New Footprint=RESISTOR 0603
Change Physical Footprint: Designator=R12 Old Footprint=RESISTOR 0603 New Footprint=RESISTOR 0603
Change Physical Footprint: Designator=R13 Old Footprint=RESISTOR 0603 New Footprint=RESISTOR 0603
Change Physical Footprint: Designator=R14 Old Footprint=RESISTOR 0603 New Footprint=RESISTOR 0603
Change Physical Footprint: Designator=R15 Old Footprint=RESISTOR 0603 New Footprint=RESISTOR 0603
Change Physical Footprint: Designator=R16 Old Footprint=RESISTOR 0603 New Footprint=RESISTOR 0603
Change Physical Footprint: Designator=R17 Old Footprint=RESISTOR 0603 New Footprint=RESISTOR 0603
Change Physical Footprint: Designator=R18 Old Footprint=RESISTOR 0603 New Footprint=RESISTOR 0603
Change Physical Footprint: Designator=R19 Old Footprint=RESISTOR 0603 New Footprint=RESISTOR 0603
Change Physical Footprint: Designator=R20 Old Footprint=RESISTOR 0603 New Footprint=RESISTOR 0603
Change Physical Footprint: Designator=R21 Old Footprint=RESISTOR 0603 New Footprint=RESISTOR 0603
Change Physical Footprint: Designator=R22 Old Footprint=RESISTOR 0603 New Footprint=RESISTOR 0603
Change Physical Footprint: Designator=R23 Old Footprint=RESISTOR 0603 New Footprint=RESISTOR 0603
Change Physical Footprint: Designator=R24 Old Footprint=RESISTOR 0603 New Footprint=RESISTOR 0603
Change Physical Footprint: Designator=R25 Old Footprint=RESISTOR 0603 New Footprint=RESISTOR 0603
Change Physical Footprint: Designator=R26 Old Footprint=RESISTOR 0603 New Footprint=RESISTOR 0603
Change Physical Footprint: Designator=R27 Old Footprint=RESISTOR 0603 New Footprint=RESISTOR 0603
Change Physical Footprint: Designator=R28 Old Footprint=RESISTOR 0603 New Footprint=RESISTOR 0603
Change Physical Footprint: Designator=R29 Old Footprint=RESISTOR 0603 New Footprint=RESISTOR 0603
Change Physical Footprint: Designator=R30 Old Footprint=RESISTOR 0603 New Footprint=RESISTOR 0603
Change Physical Footprint: Designator=R31 Old Footprint=RESISTOR 0603 New Footprint=RESISTOR 0603
Change Physical Footprint: Designator=R32 Old Footprint=RESISTOR 0603 New Footprint=RESISTOR 0603
Change Physical Footprint: Designator=RJ1 Old Footprint=RJ11,RJ12,RJ14,RJ25 New Footprint=RJ11,RJ12,RJ14,RJ25
Change Physical Footprint: Designator=RT1 Old Footprint=NTC 0603 New Footprint=NTC 0603
Change Physical Footprint: Designator=SW1 Old Footprint=SWITCH 6.00 x 3.5 New Footprint=SWITCH 6.00 x 3.5
Change Physical Footprint: Designator=U1 Old Footprint=TSSOP-38 New Footprint=TSSOP-38
Change Physical Footprint: Designator=U2 Old Footprint=SOIC-8 New Footprint=SOIC-8
Change Physical Footprint: Designator=U3 Old Footprint=SOIC-8 New Footprint=SOIC-8
Change Physical Footprint: Designator=U4 Old Footprint=SOIC-8 New Footprint=SOIC-8
Change Physical Footprint: Designator=U5 Old Footprint=SOT223-3 New Footprint=SOT223-3
Change Physical Footprint: Designator=U6 Old Footprint=D2PAK-5 New Footprint=D2PAK-5
Change Physical Footprint: Designator=U7 Old Footprint=VSSOP-10 New Footprint=VSSOP-10
Change Physical Footprint: Designator=U8 Old Footprint=VSSOP-10 New Footprint=VSSOP-10
Change Physical Footprint: Designator=U9 Old Footprint=LQFP48 New Footprint=LQFP48
Change Physical Footprint: Designator=U10 Old Footprint=SOIC-8 New Footprint=SOIC-8
Change Physical Footprint: Designator=X1 Old Footprint=CRYSTAL THT New Footprint=CRYSTAL THT
