Replace Part C? CAP 0603 in C:\Users\fener\Masa³st³\Project\Altium Designer\BQ77908 BMS\Sheet1.SchDoc with CAP 0603 from Kaptanyums Lib.IntLib
Replace Part C? CAP 0603 in C:\Users\fener\Masa³st³\Project\Altium Designer\BQ77908 BMS\Sheet1.SchDoc with CAP 0603 from Kaptanyums Lib.IntLib
Replace Part C? CAP 0603 in C:\Users\fener\Masa³st³\Project\Altium Designer\BQ77908 BMS\Sheet1.SchDoc with CAP 0603 from Kaptanyums Lib.IntLib
Replace Part C? CAP 0603 in C:\Users\fener\Masa³st³\Project\Altium Designer\BQ77908 BMS\Sheet1.SchDoc with CAP 0603 from Kaptanyums Lib.IntLib
Replace Part C? CAP 0603 in C:\Users\fener\Masa³st³\Project\Altium Designer\BQ77908 BMS\Sheet1.SchDoc with CAP 0603 from Kaptanyums Lib.IntLib
Replace Part C? CAP 0603 in C:\Users\fener\Masa³st³\Project\Altium Designer\BQ77908 BMS\Sheet1.SchDoc with CAP 0603 from Kaptanyums Lib.IntLib
Replace Part C? CAP 0603 in C:\Users\fener\Masa³st³\Project\Altium Designer\BQ77908 BMS\Sheet1.SchDoc with CAP 0603 from Kaptanyums Lib.IntLib
Replace Part C? CAP 0603 in C:\Users\fener\Masa³st³\Project\Altium Designer\BQ77908 BMS\Sheet1.SchDoc with CAP 0603 from Kaptanyums Lib.IntLib
Replace Part C? CAP 0603 in C:\Users\fener\Masa³st³\Project\Altium Designer\BQ77908 BMS\Sheet1.SchDoc with CAP 0603 from Kaptanyums Lib.IntLib
Replace Part C? CAP 0603 in C:\Users\fener\Masa³st³\Project\Altium Designer\BQ77908 BMS\Sheet1.SchDoc with CAP 0603 from Kaptanyums Lib.IntLib
Replace Part C? CAP 0603 in C:\Users\fener\Masa³st³\Project\Altium Designer\BQ77908 BMS\Sheet1.SchDoc with CAP 0603 from Kaptanyums Lib.IntLib
Replace Part C? CAP 0603 in C:\Users\fener\Masa³st³\Project\Altium Designer\BQ77908 BMS\Sheet1.SchDoc with CAP 0603 from Kaptanyums Lib.IntLib
Replace Part C? CAP 0603 in C:\Users\fener\Masa³st³\Project\Altium Designer\BQ77908 BMS\Sheet1.SchDoc with CAP 0603 from Kaptanyums Lib.IntLib
Replace Part C? CAP 0603 in C:\Users\fener\Masa³st³\Project\Altium Designer\BQ77908 BMS\Sheet1.SchDoc with CAP 0603 from Kaptanyums Lib.IntLib
Replace Part C? CAP 0603 in C:\Users\fener\Masa³st³\Project\Altium Designer\BQ77908 BMS\Sheet1.SchDoc with CAP 0603 from Kaptanyums Lib.IntLib
Replace Part C? CAP 0603 in C:\Users\fener\Masa³st³\Project\Altium Designer\BQ77908 BMS\Sheet1.SchDoc with CAP 0603 from Kaptanyums Lib.IntLib
Replace Part J? JST-XH-9 in C:\Users\fener\Masa³st³\Project\Altium Designer\BQ77908 BMS\Sheet1.SchDoc with JST-XH-9 from Kaptanyums Lib.IntLib
Replace Part J? HEADER 2x5 in C:\Users\fener\Masa³st³\Project\Altium Designer\BQ77908 BMS\Sheet1.SchDoc with HEADER 2x5 from Kaptanyums Lib.IntLib
Replace Part Q3 IRFZ44N in C:\Users\fener\Masa³st³\Project\Altium Designer\BQ77908 BMS\Sheet1.SchDoc with IRFZ44N from Kaptanyums Lib.IntLib
Replace Part Q7 IRFZ44N in C:\Users\fener\Masa³st³\Project\Altium Designer\BQ77908 BMS\Sheet1.SchDoc with IRFZ44N from Kaptanyums Lib.IntLib
Replace Part Q? IRFZ44N in C:\Users\fener\Masa³st³\Project\Altium Designer\BQ77908 BMS\Sheet1.SchDoc with IRFZ44N from Kaptanyums Lib.IntLib
Replace Part Q? IRFZ44N in C:\Users\fener\Masa³st³\Project\Altium Designer\BQ77908 BMS\Sheet1.SchDoc with IRFZ44N from Kaptanyums Lib.IntLib
Replace Part Q? IRFZ44N in C:\Users\fener\Masa³st³\Project\Altium Designer\BQ77908 BMS\Sheet1.SchDoc with IRFZ44N from Kaptanyums Lib.IntLib
Replace Part R? RES 0603 in C:\Users\fener\Masa³st³\Project\Altium Designer\BQ77908 BMS\Sheet1.SchDoc with RES 0603 from Kaptanyums Lib.IntLib
Replace Part R? RES 0603 in C:\Users\fener\Masa³st³\Project\Altium Designer\BQ77908 BMS\Sheet1.SchDoc with RES 0603 from Kaptanyums Lib.IntLib
Replace Part R? RES 0603 in C:\Users\fener\Masa³st³\Project\Altium Designer\BQ77908 BMS\Sheet1.SchDoc with RES 0603 from Kaptanyums Lib.IntLib
Replace Part R? RES 0603 in C:\Users\fener\Masa³st³\Project\Altium Designer\BQ77908 BMS\Sheet1.SchDoc with RES 0603 from Kaptanyums Lib.IntLib
Replace Part R? RES 0603 in C:\Users\fener\Masa³st³\Project\Altium Designer\BQ77908 BMS\Sheet1.SchDoc with RES 0603 from Kaptanyums Lib.IntLib
Replace Part R? RES 0603 in C:\Users\fener\Masa³st³\Project\Altium Designer\BQ77908 BMS\Sheet1.SchDoc with RES 0603 from Kaptanyums Lib.IntLib
Replace Part R? RES 0603 in C:\Users\fener\Masa³st³\Project\Altium Designer\BQ77908 BMS\Sheet1.SchDoc with RES 0603 from Kaptanyums Lib.IntLib
Replace Part R? RES 0603 in C:\Users\fener\Masa³st³\Project\Altium Designer\BQ77908 BMS\Sheet1.SchDoc with RES 0603 from Kaptanyums Lib.IntLib
Replace Part R? RES 0603 in C:\Users\fener\Masa³st³\Project\Altium Designer\BQ77908 BMS\Sheet1.SchDoc with RES 0603 from Kaptanyums Lib.IntLib
Replace Part R? RES 0603 in C:\Users\fener\Masa³st³\Project\Altium Designer\BQ77908 BMS\Sheet1.SchDoc with RES 0603 from Kaptanyums Lib.IntLib
Replace Part R? RES 0603 in C:\Users\fener\Masa³st³\Project\Altium Designer\BQ77908 BMS\Sheet1.SchDoc with RES 0603 from Kaptanyums Lib.IntLib
Replace Part R? RES 0603 in C:\Users\fener\Masa³st³\Project\Altium Designer\BQ77908 BMS\Sheet1.SchDoc with RES 0603 from Kaptanyums Lib.IntLib
Replace Part R? RES 0603 in C:\Users\fener\Masa³st³\Project\Altium Designer\BQ77908 BMS\Sheet1.SchDoc with RES 0603 from Kaptanyums Lib.IntLib
Replace Part R? RES 0603 in C:\Users\fener\Masa³st³\Project\Altium Designer\BQ77908 BMS\Sheet1.SchDoc with RES 0603 from Kaptanyums Lib.IntLib
Replace Part R? RES 0603 in C:\Users\fener\Masa³st³\Project\Altium Designer\BQ77908 BMS\Sheet1.SchDoc with RES 0603 from Kaptanyums Lib.IntLib
Replace Part R? RES 0603 in C:\Users\fener\Masa³st³\Project\Altium Designer\BQ77908 BMS\Sheet1.SchDoc with RES 0603 from Kaptanyums Lib.IntLib
Replace Part R? RES 0603 in C:\Users\fener\Masa³st³\Project\Altium Designer\BQ77908 BMS\Sheet1.SchDoc with RES 0603 from Kaptanyums Lib.IntLib
Replace Part R? RES 0603 in C:\Users\fener\Masa³st³\Project\Altium Designer\BQ77908 BMS\Sheet1.SchDoc with RES 0603 from Kaptanyums Lib.IntLib
Replace Part U? BQ77908 in C:\Users\fener\Masa³st³\Project\Altium Designer\BQ77908 BMS\Sheet1.SchDoc with BQ77908 from Kaptanyums Lib.IntLib
